c:\users\martin\desktop\actually_frog\frogger\frogger\frogger\debug\vc141.pdb
c:\users\martin\desktop\actually_frog\frogger\frogger\frogger\debug\vc141.idb
c:\users\martin\desktop\actually_frog\frogger\frogger\frogger\debug\textureloader.obj
c:\users\martin\desktop\actually_frog\frogger\frogger\frogger\debug\player.obj
c:\users\martin\desktop\actually_frog\frogger\frogger\frogger\debug\main.obj
c:\users\martin\desktop\actually_frog\frogger\frogger\frogger\debug\collisioncheck.obj
c:\users\martin\desktop\actually_frog\frogger\frogger\frogger\debug\van.obj
c:\users\martin\desktop\actually_frog\frogger\frogger\frogger\debug\game.obj
c:\users\martin\desktop\actually_frog\frogger\frogger\frogger\debug\car.obj
c:\users\martin\desktop\actually_frog\frogger\debug\frogger.exe
c:\users\martin\desktop\actually_frog\frogger\debug\frogger.ilk
c:\users\martin\desktop\actually_frog\frogger\debug\frogger.pdb
c:\users\martin\desktop\actually_frog\frogger\frogger\debug\frogger.exe
c:\users\martin\desktop\actually_frog\frogger\frogger\debug\frogger.ilk
c:\users\martin\desktop\actually_frog\frogger\frogger\debug\frogger.pdb
c:\users\martin\desktop\actually_frog\frogger\frogger\frogger\debug\carfive.obj
c:\users\martin\desktop\actually_frog\frogger\frogger\frogger\debug\carfour.obj
c:\users\martin\desktop\actually_frog\frogger\frogger\frogger\debug\carreversed.obj
c:\users\martin\desktop\actually_frog\frogger\frogger\frogger\debug\carthree.obj
c:\users\martin\desktop\actually_frog\frogger\frogger\frogger\debug\cartwo.obj
c:\users\martin\desktop\actually_frog\frogger\frogger\frogger\debug\collision.obj
c:\users\martin\desktop\actually_frog\frogger\frogger\frogger\debug\draw.obj
c:\users\martin\desktop\actually_frog\frogger\frogger\frogger\debug\health.obj
c:\users\martin\desktop\actually_frog\frogger\frogger\frogger\debug\objectcollision.obj
c:\users\martin\desktop\actually_frog\frogger\frogger\frogger\debug\frogger.tlog\cl.command.1.tlog
c:\users\martin\desktop\actually_frog\frogger\frogger\frogger\debug\frogger.tlog\cl.read.1.tlog
c:\users\martin\desktop\actually_frog\frogger\frogger\frogger\debug\frogger.tlog\cl.write.1.tlog
c:\users\martin\desktop\actually_frog\frogger\frogger\frogger\debug\frogger.tlog\link.command.1.tlog
c:\users\martin\desktop\actually_frog\frogger\frogger\frogger\debug\frogger.tlog\link.read.1.tlog
c:\users\martin\desktop\actually_frog\frogger\frogger\frogger\debug\frogger.tlog\link.write.1.tlog
